smajic@XX273 hedera-certification % npm run task:scheduled-transaction

> hedera-certification@1.0.0 task:scheduled-transaction
> node src/scheduled-transaction.js

The schedule ID is 0.0.4569364
The scheduled transaction ID is 0.0.4567995@1683281991.469724972?scheduled
The transaction consensus status is 22
/Users/smajic/Repos/hedera-certification/node_modules/@hashgraph/sdk/lib/ReceiptStatusError.cjs:43
    super(props, `receipt for transaction ${props.transactionId.toString()} contained error status ${props.status.toString()}`);
    ^

ReceiptStatusError: receipt for transaction 0.0.4567995@1683281996.277131391 contained error status SCHEDULE_ALREADY_DELETED
    at new ReceiptStatusError (/Users/smajic/Repos/hedera-certification/node_modules/@hashgraph/sdk/lib/ReceiptStatusError.cjs:43:5)
    at TransactionReceiptQuery._mapStatusError (/Users/smajic/Repos/hedera-certification/node_modules/@hashgraph/sdk/lib/transaction/TransactionReceiptQuery.cjs:273:12)
    at TransactionReceiptQuery.execute (/Users/smajic/Repos/hedera-certification/node_modules/@hashgraph/sdk/lib/Executable.cjs:644:22)
    at process.processTicksAndRejections (node:internal/process/task_queues:95:5)
    at async TransactionResponse.getReceipt (/Users/smajic/Repos/hedera-certification/node_modules/@hashgraph/sdk/lib/transaction/TransactionResponse.cjs:88:21)
    at async main (/Users/smajic/Repos/hedera-certification/src/scheduled-transaction.js:70:22) {
  status: Status { _code: 212 },
  transactionId: TransactionId {
    accountId: AccountId {
      shard: Long { low: 0, high: 0, unsigned: false },
      realm: Long { low: 0, high: 0, unsigned: false },
      num: Long { low: 4567995, high: 0, unsigned: false },
      aliasKey: null,
      evmAddress: null,
      _checksum: null
    },
    validStart: Timestamp {
      seconds: Long { low: 1683281996, high: 0, unsigned: false },
      nanos: Long { low: 277131391, high: 0, unsigned: false }
    },
    scheduled: false,
    nonce: null
  },
  transactionReceipt: TransactionReceipt {
    status: Status { _code: 212 },
    accountId: null,
    fileId: null,
    contractId: null,
    topicId: null,
    tokenId: null,
    scheduleId: null,
    exchangeRate: ExchangeRate {
      hbars: 30000,
      cents: 173376,
      expirationTime: 2023-05-05T11:00:00.000Z,
      exchangeRateInCents: 5.7792
    },
    topicSequenceNumber: Long { low: 0, high: 0, unsigned: false },
    topicRunningHash: Uint8Array(0) [],
    totalSupply: Long { low: 0, high: 0, unsigned: false },
    scheduledTransactionId: null,
    serials: [],
    duplicates: [],
    children: []
  }
}