smajic@XX273 hedera-certification % npm run task:token-service

> hedera-certification@1.0.0 task:token-service
> node src/token-service.js

Created token: 0.0.4568414
TransactionReceipt {
  status: Status { _code: 22 },
  accountId: null,
  fileId: null,
  contractId: null,
  topicId: null,
  tokenId: null,
  scheduleId: null,
  exchangeRate: ExchangeRate {
    hbars: 30000,
    cents: 173126,
    expirationTime: 2023-05-05T10:00:00.000Z,
    exchangeRateInCents: 5.770866666666667
  },
  topicSequenceNumber: Long { low: 0, high: 0, unsigned: false },
  topicRunningHash: Uint8Array(0) [],
  totalSupply: Long { low: 0, high: 0, unsigned: false },
  scheduledTransactionId: null,
  serials: [],
  duplicates: [],
  